🔄 Starting Neo4j → Supabase sync
Mode: full
============================================================
Started sync job: d3e91f1a-10e2-4a62-a730-4bd4eacc3cf5

📥 Syncing entities from Neo4j...
Found 844 entities in Neo4j
✅ Synced entities 1-100
✅ Synced entities 101-200
✅ Synced entities 201-300
✅ Synced entities 301-400
✅ Synced entities 401-500
✅ Synced entities 501-600
✅ Synced entities 601-700
✅ Synced entities 701-800
✅ Synced entities 801-844

📊 Counting relationships for each entity...
✅ Updated counts for entities 1-100
✅ Updated counts for entities 101-200
✅ Updated counts for entities 201-300
✅ Updated counts for entities 301-400
✅ Updated counts for entities 401-500
✅ Updated counts for entities 501-600
✅ Updated counts for entities 601-700
✅ Updated counts for entities 701-800
✅ Updated counts for entities 801-844

✅ Synced 844 entities

📥 Syncing relationships from Neo4j...
Found 788 semantic relationships in Neo4j
✅ Synced relationships 1-100
✅ Synced relationships 101-200
✅ Synced relationships 201-300
✅ Synced relationships 301-400
✅ Synced relationships 401-500
✅ Synced relationships 501-600
✅ Synced relationships 601-700
✅ Synced relationships 701-788

✅ Synced 788 relationships

📥 Generating prerequisite paths...
Found 325 entities with prerequisites

✅ Generated 325 prerequisite paths

📥 Generating domain learning paths...
Found 5 domains
✅ Generated path for domain: Threats, Vulnerabilities, and Mitigations (50 nodes)
✅ Generated path for domain: Security Architecture (50 nodes)
✅ Generated path for domain: Security Operations (50 nodes)
✅ Generated path for domain: Security Program Management and Oversight (50 nodes)
✅ Generated path for domain: General Security Concepts (50 nodes)

✅ Generated 5 domain paths

============================================================
📊 Sync Summary
============================================================
Entities synced: 844
Relationships synced: 788
Prerequisite paths generated: 325
Domain paths generated: 5
Errors: 0

🎉 Sync completed successfully!
